nvidia-smi -f logs/2021-06-11_1454/1_mnist-mlp-keras.gpu_log.csv --format=csv -l 1 --query-gpu=utilization.gpu,utilization.memory,memory.total,memory.free,memory.used &
time python 1_mnist-mlp-keras.py &> logs/2021-06-11_1454/1_mnist-mlp-keras.tensorflow.log

real	0m26.032s
user	0m37.531s
sys	0m12.176s

nvidia-smi -f logs/2021-06-11_1454/2_mnist-simple-cnn-keras.gpu_log.csv --format=csv -l 1 --query-gpu=utilization.gpu,utilization.memory,memory.total,memory.free,memory.used &
time python 2_mnist-simple-cnn-keras.py &> logs/2021-06-11_1454/2_mnist-simple-cnn-keras.tensorflow.log

real	2m44.489s
user	7m7.811s
sys	1m4.830s

nvidia-smi -f logs/2021-06-11_1454/3_mnist-cnn-keras.gpu_log.csv --format=csv -l 1 --query-gpu=utilization.gpu,utilization.memory,memory.total,memory.free,memory.used &
time python 3_mnist-cnn-keras.py &> logs/2021-06-11_1454/3_mnist-cnn-keras.tensorflow.log

real	0m36.355s
user	1m8.448s
sys	0m18.669s

nvidia-smi -f logs/2021-06-11_1454/4_fashion_mnist-cnn-keras.gpu_log.csv --format=csv -l 1 --query-gpu=utilization.gpu,utilization.memory,memory.total,memory.free,memory.used &
time python 4_fashion_mnist-cnn-keras.py &> logs/2021-06-11_1454/4_fashion_mnist-cnn-keras.tensorflow.log

real	0m37.155s
user	1m8.805s
sys	0m19.266s

nvidia-smi -f logs/2021-06-11_1454/5_cifar10-cnn-keras-tf2.gpu_log.csv --format=csv -l 1 --query-gpu=utilization.gpu,utilization.memory,memory.total,memory.free,memory.used &
time python 5_cifar10-cnn-keras-tf2.py &> logs/2021-06-11_1454/5_cifar10-cnn-keras-tf2.tensorflow.log

real	0m41.432s
user	1m16.625s
sys	0m19.918s

nvidia-smi -f logs/2021-06-11_1454/6_imdb_movie_review-bidirectional_lstm-keras.gpu_log.csv --format=csv -l 1 --query-gpu=utilization.gpu,utilization.memory,memory.total,memory.free,memory.used &
time python 6_imdb_movie_review-bidirectional_lstm-keras.py &> logs/2021-06-11_1454/6_imdb_movie_review-bidirectional_lstm-keras.tensorflow.log

real	3m39.444s
user	8m11.199s
sys	0m41.305s

nvidia-smi -f logs/2021-06-11_1454/7_reuters_newswire-mlp-keras-tf2.gpu_log.csv --format=csv -l 1 --query-gpu=utilization.gpu,utilization.memory,memory.total,memory.free,memory.used &
time python 7_reuters_newswire-mlp-keras-tf2.py &> logs/2021-06-11_1454/7_reuters_newswire-mlp-keras-tf2.tensorflow.log

real	0m15.784s
user	0m13.636s
sys	0m10.315s

grep '^training_time' logs/2021-06-11_1454/1_mnist-mlp-keras.tensorflow.log
training_time: 0:00:15.098412
awk '{print $1;}' logs/2021-06-11_1454/1_mnist-mlp-keras.gpu_log.csv | egrep -v '0|utilization' > logs/2021-06-11_1454/1_mnist-mlp-keras.gpu_utils
get_max_gpu_utilization logs/2021-06-11_1454/1_mnist-mlp-keras.gpu_utils
max_gpu_util: 94
get_mean_gpu_utilization logs/2021-06-11_1454/1_mnist-mlp-keras.gpu_utils
mean_gpu_util: 25.6575

grep '^training_time' logs/2021-06-11_1454/2_mnist-simple-cnn-keras.tensorflow.log
training_time: 0:02:33.954600
awk '{print $1;}' logs/2021-06-11_1454/2_mnist-simple-cnn-keras.gpu_log.csv | egrep -v '0|utilization' > logs/2021-06-11_1454/2_mnist-simple-cnn-keras.gpu_utils
get_max_gpu_utilization logs/2021-06-11_1454/2_mnist-simple-cnn-keras.gpu_utils
max_gpu_util: 92
get_mean_gpu_utilization logs/2021-06-11_1454/2_mnist-simple-cnn-keras.gpu_utils
mean_gpu_util: 26.1581

grep '^training_time' logs/2021-06-11_1454/3_mnist-cnn-keras.tensorflow.log
training_time: 0:00:27.348922
awk '{print $1;}' logs/2021-06-11_1454/3_mnist-cnn-keras.gpu_log.csv | egrep -v '0|utilization' > logs/2021-06-11_1454/3_mnist-cnn-keras.gpu_utils
get_max_gpu_utilization logs/2021-06-11_1454/3_mnist-cnn-keras.gpu_utils
max_gpu_util: 63
get_mean_gpu_utilization logs/2021-06-11_1454/3_mnist-cnn-keras.gpu_utils
mean_gpu_util: 36.2071

grep '^training_time' logs/2021-06-11_1454/4_fashion_mnist-cnn-keras.tensorflow.log
training_time: 0:00:27.894959
awk '{print $1;}' logs/2021-06-11_1454/4_fashion_mnist-cnn-keras.gpu_log.csv | egrep -v '0|utilization' > logs/2021-06-11_1454/4_fashion_mnist-cnn-keras.gpu_utils
get_max_gpu_utilization logs/2021-06-11_1454/4_fashion_mnist-cnn-keras.gpu_utils
max_gpu_util: 92
get_mean_gpu_utilization logs/2021-06-11_1454/4_fashion_mnist-cnn-keras.gpu_utils
mean_gpu_util: 38.4734

grep '^training_time' logs/2021-06-11_1454/5_cifar10-cnn-keras-tf2.tensorflow.log
training_time: 0:00:29.969954
awk '{print $1;}' logs/2021-06-11_1454/5_cifar10-cnn-keras-tf2.gpu_log.csv | egrep -v '0|utilization' > logs/2021-06-11_1454/5_cifar10-cnn-keras-tf2.gpu_utils
get_max_gpu_utilization logs/2021-06-11_1454/5_cifar10-cnn-keras-tf2.gpu_utils
max_gpu_util: 89
get_mean_gpu_utilization logs/2021-06-11_1454/5_cifar10-cnn-keras-tf2.gpu_utils
mean_gpu_util: 41.8835

grep '^training_time' logs/2021-06-11_1454/6_imdb_movie_review-bidirectional_lstm-keras.tensorflow.log
training_time: 0:03:25.033422
awk '{print $1;}' logs/2021-06-11_1454/6_imdb_movie_review-bidirectional_lstm-keras.gpu_log.csv | egrep -v '0|utilization' > logs/2021-06-11_1454/6_imdb_movie_review-bidirectional_lstm-keras.gpu_utils
get_max_gpu_utilization logs/2021-06-11_1454/6_imdb_movie_review-bidirectional_lstm-keras.gpu_utils
max_gpu_util: 53
get_mean_gpu_utilization logs/2021-06-11_1454/6_imdb_movie_review-bidirectional_lstm-keras.gpu_utils
mean_gpu_util: 44.3297

grep '^training_time' logs/2021-06-11_1454/7_reuters_newswire-mlp-keras-tf2.tensorflow.log
training_time: 0:00:07.907026
awk '{print $1;}' logs/2021-06-11_1454/7_reuters_newswire-mlp-keras-tf2.gpu_log.csv | egrep -v '0|utilization' > logs/2021-06-11_1454/7_reuters_newswire-mlp-keras-tf2.gpu_utils
get_max_gpu_utilization logs/2021-06-11_1454/7_reuters_newswire-mlp-keras-tf2.gpu_utils
max_gpu_util: 
get_mean_gpu_utilization logs/2021-06-11_1454/7_reuters_newswire-mlp-keras-tf2.gpu_utils
mean_gpu_util: 

