nvidia-smi -f logs/2021-06-11_1445/1_mnist-mlp-keras.gpu_log.csv --format=csv -l 1 --query-gpu=utilization.gpu,utilization.memory,memory.total,memory.free,memory.used &
time python 1_mnist-mlp-keras.py &> logs/2021-06-11_1445/1_mnist-mlp-keras.tensorflow.log

real	0m26.921s
user	0m37.388s
sys	0m12.277s

nvidia-smi -f logs/2021-06-11_1445/2_mnist-simple-cnn-keras.gpu_log.csv --format=csv -l 1 --query-gpu=utilization.gpu,utilization.memory,memory.total,memory.free,memory.used &
time python 2_mnist-simple-cnn-keras.py &> logs/2021-06-11_1445/2_mnist-simple-cnn-keras.tensorflow.log

real	2m43.744s
user	7m5.697s
sys	1m6.354s

nvidia-smi -f logs/2021-06-11_1445/3_mnist-cnn-keras.gpu_log.csv --format=csv -l 1 --query-gpu=utilization.gpu,utilization.memory,memory.total,memory.free,memory.used &
time python 3_mnist-cnn-keras.py &> logs/2021-06-11_1445/3_mnist-cnn-keras.tensorflow.log

real	0m36.474s
user	1m8.884s
sys	0m18.792s

nvidia-smi -f logs/2021-06-11_1445/4_fashion_mnist-cnn-keras.gpu_log.csv --format=csv -l 1 --query-gpu=utilization.gpu,utilization.memory,memory.total,memory.free,memory.used &
time python 4_fashion_mnist-cnn-keras.py &> logs/2021-06-11_1445/4_fashion_mnist-cnn-keras.tensorflow.log

real	0m35.386s
user	1m8.633s
sys	0m18.862s

nvidia-smi -f logs/2021-06-11_1445/5_cifar10-cnn-keras-tf2.gpu_log.csv --format=csv -l 1 --query-gpu=utilization.gpu,utilization.memory,memory.total,memory.free,memory.used &
time python 5_cifar10-cnn-keras-tf2.py &> logs/2021-06-11_1445/5_cifar10-cnn-keras-tf2.tensorflow.log

real	0m41.139s
user	1m17.466s
sys	0m18.946s

nvidia-smi -f logs/2021-06-11_1445/6_imdb_movie_review-bidirectional_lstm-keras.gpu_log.csv --format=csv -l 1 --query-gpu=utilization.gpu,utilization.memory,memory.total,memory.free,memory.used &
time python 6_imdb_movie_review-bidirectional_lstm-keras.py &> logs/2021-06-11_1445/6_imdb_movie_review-bidirectional_lstm-keras.tensorflow.log

real	3m38.199s
user	8m6.655s
sys	0m40.673s

nvidia-smi -f logs/2021-06-11_1445/7_reuters_newswire-mlp-keras-tf2.gpu_log.csv --format=csv -l 1 --query-gpu=utilization.gpu,utilization.memory,memory.total,memory.free,memory.used &
time python 7_reuters_newswire-mlp-keras-tf2.py &> logs/2021-06-11_1445/7_reuters_newswire-mlp-keras-tf2.tensorflow.log

real	0m16.743s
user	0m13.740s
sys	0m10.212s

grep '^training_time' logs/2021-06-11_1445/1_mnist-mlp-keras.tensorflow.log
training_time: 0:00:15.997499
awk '{print $1;}' logs/2021-06-11_1445/1_mnist-mlp-keras.gpu_log.csv | egrep -v '0|utilization' > logs/2021-06-11_1445/1_mnist-mlp-keras.gpu_utils
get_max_gpu_utilization logs/2021-06-11_1445/1_mnist-mlp-keras.gpu_utils
max_gpu_util: 86
get_mean_gpu_utilization logs/2021-06-11_1445/1_mnist-mlp-keras.gpu_utils
mean_gpu_util: 27.6019

grep '^training_time' logs/2021-06-11_1445/2_mnist-simple-cnn-keras.tensorflow.log
training_time: 0:02:33.080014
awk '{print $1;}' logs/2021-06-11_1445/2_mnist-simple-cnn-keras.gpu_log.csv | egrep -v '0|utilization' > logs/2021-06-11_1445/2_mnist-simple-cnn-keras.gpu_utils
get_max_gpu_utilization logs/2021-06-11_1445/2_mnist-simple-cnn-keras.gpu_utils
max_gpu_util: 86
get_mean_gpu_utilization logs/2021-06-11_1445/2_mnist-simple-cnn-keras.gpu_utils
mean_gpu_util: 28.1234

grep '^training_time' logs/2021-06-11_1445/3_mnist-cnn-keras.tensorflow.log
training_time: 0:00:27.676814
awk '{print $1;}' logs/2021-06-11_1445/3_mnist-cnn-keras.gpu_log.csv | egrep -v '0|utilization' > logs/2021-06-11_1445/3_mnist-cnn-keras.gpu_utils
get_max_gpu_utilization logs/2021-06-11_1445/3_mnist-cnn-keras.gpu_utils
max_gpu_util: 54
get_mean_gpu_utilization logs/2021-06-11_1445/3_mnist-cnn-keras.gpu_utils
mean_gpu_util: 38.1844

grep '^training_time' logs/2021-06-11_1445/4_fashion_mnist-cnn-keras.tensorflow.log
training_time: 0:00:26.377592
awk '{print $1;}' logs/2021-06-11_1445/4_fashion_mnist-cnn-keras.gpu_log.csv | egrep -v '0|utilization' > logs/2021-06-11_1445/4_fashion_mnist-cnn-keras.gpu_utils
get_max_gpu_utilization logs/2021-06-11_1445/4_fashion_mnist-cnn-keras.gpu_utils
max_gpu_util: 53
get_mean_gpu_utilization logs/2021-06-11_1445/4_fashion_mnist-cnn-keras.gpu_utils
mean_gpu_util: 39.4393

grep '^training_time' logs/2021-06-11_1445/5_cifar10-cnn-keras-tf2.tensorflow.log
training_time: 0:00:29.545298
awk '{print $1;}' logs/2021-06-11_1445/5_cifar10-cnn-keras-tf2.gpu_log.csv | egrep -v '0|utilization' > logs/2021-06-11_1445/5_cifar10-cnn-keras-tf2.gpu_utils
get_max_gpu_utilization logs/2021-06-11_1445/5_cifar10-cnn-keras-tf2.gpu_utils
max_gpu_util: 53
get_mean_gpu_utilization logs/2021-06-11_1445/5_cifar10-cnn-keras-tf2.gpu_utils
mean_gpu_util: 43.6525

grep '^training_time' logs/2021-06-11_1445/6_imdb_movie_review-bidirectional_lstm-keras.tensorflow.log
training_time: 0:03:23.802059
awk '{print $1;}' logs/2021-06-11_1445/6_imdb_movie_review-bidirectional_lstm-keras.gpu_log.csv | egrep -v '0|utilization' > logs/2021-06-11_1445/6_imdb_movie_review-bidirectional_lstm-keras.gpu_utils
get_max_gpu_utilization logs/2021-06-11_1445/6_imdb_movie_review-bidirectional_lstm-keras.gpu_utils
max_gpu_util: 86
get_mean_gpu_utilization logs/2021-06-11_1445/6_imdb_movie_review-bidirectional_lstm-keras.gpu_utils
mean_gpu_util: 45.8314

grep '^training_time' logs/2021-06-11_1445/7_reuters_newswire-mlp-keras-tf2.tensorflow.log
training_time: 0:00:08.897774
awk '{print $1;}' logs/2021-06-11_1445/7_reuters_newswire-mlp-keras-tf2.gpu_log.csv | egrep -v '0|utilization' > logs/2021-06-11_1445/7_reuters_newswire-mlp-keras-tf2.gpu_utils
get_max_gpu_utilization logs/2021-06-11_1445/7_reuters_newswire-mlp-keras-tf2.gpu_utils
max_gpu_util: 
get_mean_gpu_utilization logs/2021-06-11_1445/7_reuters_newswire-mlp-keras-tf2.gpu_utils
mean_gpu_util: 

