nvidia-smi -f logs/2021-06-09_0437/1_mnist-mlp-keras.csv --format=csv -l 1 --query-gpu=utilization.gpu,utilization.memory,memory.total,memory.free,memory.used &
time python 1_mnist-mlp-keras.py &> logs/2021-06-09_0437/1_mnist-mlp-keras.log
./batch-time_python_py_file: line 31: 111628 Aborted                 (core dumped) python 1_mnist-mlp-keras.py &> logs/2021-06-09_0437/1_mnist-mlp-keras.log

real	0m12.569s
user	0m7.502s
sys	0m8.071s

nvidia-smi -f logs/2021-06-09_0437/2_mnist-simple-cnn-keras.csv --format=csv -l 1 --query-gpu=utilization.gpu,utilization.memory,memory.total,memory.free,memory.used &
time python 2_mnist-simple-cnn-keras.py &> logs/2021-06-09_0437/2_mnist-simple-cnn-keras.log

real	1m56.712s
user	2m28.835s
sys	0m28.134s

nvidia-smi -f logs/2021-06-09_0437/3_mnist-cnn-keras.csv --format=csv -l 1 --query-gpu=utilization.gpu,utilization.memory,memory.total,memory.free,memory.used &
time python 3_mnist-cnn-keras.py &> logs/2021-06-09_0437/3_mnist-cnn-keras.log

real	0m25.750s
user	0m21.778s
sys	0m41.425s

nvidia-smi -f logs/2021-06-09_0437/4_fashion_mnist-cnn-keras.csv --format=csv -l 1 --query-gpu=utilization.gpu,utilization.memory,memory.total,memory.free,memory.used &
time python 4_fashion_mnist-cnn-keras.py &> logs/2021-06-09_0437/4_fashion_mnist-cnn-keras.log

real	0m28.665s
user	0m21.770s
sys	3m33.682s

nvidia-smi -f logs/2021-06-09_0437/5_cifar10-cnn-keras-tf2.csv --format=csv -l 1 --query-gpu=utilization.gpu,utilization.memory,memory.total,memory.free,memory.used &
time python 5_cifar10-cnn-keras-tf2.py &> logs/2021-06-09_0437/5_cifar10-cnn-keras-tf2.log
./batch-time_python_py_file: line 31: 112830 Aborted                 (core dumped) python 5_cifar10-cnn-keras-tf2.py &> logs/2021-06-09_0437/5_cifar10-cnn-keras-tf2.log

real	0m12.852s
user	0m8.266s
sys	0m7.652s

nvidia-smi -f logs/2021-06-09_0437/6_imdb_movie_review-bidirectional_lstm-keras.csv --format=csv -l 1 --query-gpu=utilization.gpu,utilization.memory,memory.total,memory.free,memory.used &
time python 6_imdb_movie_review-bidirectional_lstm-keras.py &> logs/2021-06-09_0437/6_imdb_movie_review-bidirectional_lstm-keras.log

real	4m50.035s
user	13m6.283s
sys	1m20.186s

nvidia-smi -f logs/2021-06-09_0437/7_reuters_newswire-mlp-keras-tf2.csv --format=csv -l 1 --query-gpu=utilization.gpu,utilization.memory,memory.total,memory.free,memory.used &
time python 7_reuters_newswire-mlp-keras-tf2.py &> logs/2021-06-09_0437/7_reuters_newswire-mlp-keras-tf2.log

real	0m16.839s
user	0m12.481s
sys	0m21.590s

grep '^training_time' logs/2021-06-09_0437/1_mnist-mlp-keras.log
awk '{print $1;}' logs/2021-06-09_0437/1_mnist-mlp-keras.csv | egrep -v '0|utilization' > logs/2021-06-09_0437/1_mnist-mlp-keras.gpu
get_max_gpu_utilization logs/2021-06-09_0437/1_mnist-mlp-keras.gpu
max_gpu_util: 89
get_average_gpu_utilization logs/2021-06-09_0437/1_mnist-mlp-keras.gpu
average_gpu_util: 34.0519

grep '^training_time' logs/2021-06-09_0437/2_mnist-simple-cnn-keras.log
training_time: 0:01:42.600827
awk '{print $1;}' logs/2021-06-09_0437/2_mnist-simple-cnn-keras.csv | egrep -v '0|utilization' > logs/2021-06-09_0437/2_mnist-simple-cnn-keras.gpu
get_max_gpu_utilization logs/2021-06-09_0437/2_mnist-simple-cnn-keras.gpu
max_gpu_util: 89
get_average_gpu_utilization logs/2021-06-09_0437/2_mnist-simple-cnn-keras.gpu
average_gpu_util: 34.5404

grep '^training_time' logs/2021-06-09_0437/3_mnist-cnn-keras.log
training_time: 0:00:11.785194
awk '{print $1;}' logs/2021-06-09_0437/3_mnist-cnn-keras.csv | egrep -v '0|utilization' > logs/2021-06-09_0437/3_mnist-cnn-keras.gpu
get_max_gpu_utilization logs/2021-06-09_0437/3_mnist-cnn-keras.gpu
max_gpu_util: 72
get_average_gpu_utilization logs/2021-06-09_0437/3_mnist-cnn-keras.gpu
average_gpu_util: 39.7292

grep '^training_time' logs/2021-06-09_0437/4_fashion_mnist-cnn-keras.log
training_time: 0:00:14.598495
awk '{print $1;}' logs/2021-06-09_0437/4_fashion_mnist-cnn-keras.csv | egrep -v '0|utilization' > logs/2021-06-09_0437/4_fashion_mnist-cnn-keras.gpu
get_max_gpu_utilization logs/2021-06-09_0437/4_fashion_mnist-cnn-keras.gpu
max_gpu_util: 89
get_average_gpu_utilization logs/2021-06-09_0437/4_fashion_mnist-cnn-keras.gpu
average_gpu_util: 41.0997

grep '^training_time' logs/2021-06-09_0437/5_cifar10-cnn-keras-tf2.log
awk '{print $1;}' logs/2021-06-09_0437/5_cifar10-cnn-keras-tf2.csv | egrep -v '0|utilization' > logs/2021-06-09_0437/5_cifar10-cnn-keras-tf2.gpu
get_max_gpu_utilization logs/2021-06-09_0437/5_cifar10-cnn-keras-tf2.gpu
max_gpu_util: 89
get_average_gpu_utilization logs/2021-06-09_0437/5_cifar10-cnn-keras-tf2.gpu
average_gpu_util: 44.0357

grep '^training_time' logs/2021-06-09_0437/6_imdb_movie_review-bidirectional_lstm-keras.log
training_time: 0:04:30.291280
awk '{print $1;}' logs/2021-06-09_0437/6_imdb_movie_review-bidirectional_lstm-keras.csv | egrep -v '0|utilization' > logs/2021-06-09_0437/6_imdb_movie_review-bidirectional_lstm-keras.gpu
get_max_gpu_utilization logs/2021-06-09_0437/6_imdb_movie_review-bidirectional_lstm-keras.gpu
max_gpu_util: 54
get_average_gpu_utilization logs/2021-06-09_0437/6_imdb_movie_review-bidirectional_lstm-keras.gpu
average_gpu_util: 44.1418

grep '^training_time' logs/2021-06-09_0437/7_reuters_newswire-mlp-keras-tf2.log
training_time: 0:00:03.548800
awk '{print $1;}' logs/2021-06-09_0437/7_reuters_newswire-mlp-keras-tf2.csv | egrep -v '0|utilization' > logs/2021-06-09_0437/7_reuters_newswire-mlp-keras-tf2.gpu
get_max_gpu_utilization logs/2021-06-09_0437/7_reuters_newswire-mlp-keras-tf2.gpu
max_gpu_util: 22
get_average_gpu_utilization logs/2021-06-09_0437/7_reuters_newswire-mlp-keras-tf2.gpu
average_gpu_util: 7.09091

