#index	type		value
1	run_time	0m29.600s
2	run_time	2m41.849s
3	run_time	0m36.899s
4	run_time	0m36.032s
5	run_time	0m41.120s
6	run_time	3m39.105s
7	run_time	0m17.370s
1	training_time	0:00:15.076070
2	training_time	0:02:30.750762
3	training_time	0:00:27.611215
4	training_time	0:00:26.478129
5	training_time	0:00:29.063130
6	training_time	0:03:24.145966
7	training_time	0:00:08.985403
1	max_gpu_util	84
2	max_gpu_util	53
3	max_gpu_util	83
4	max_gpu_util	53
5	max_gpu_util	53
6	max_gpu_util	75
7	max_gpu_util	
1	mean_gpu_util	27.0691
2	mean_gpu_util	27.288
3	mean_gpu_util	37.1788
4	mean_gpu_util	40.0474
5	mean_gpu_util	43.7151
6	mean_gpu_util	46.1832
7	mean_gpu_util	
