#index	type		value
1	run_time	0m26.032s
2	run_time	2m44.489s
3	run_time	0m36.355s
4	run_time	0m37.155s
5	run_time	0m41.432s
6	run_time	3m39.444s
7	run_time	0m15.784s
1	training_time	0:00:15.098412
2	training_time	0:02:33.954600
3	training_time	0:00:27.348922
4	training_time	0:00:27.894959
5	training_time	0:00:29.969954
6	training_time	0:03:25.033422
7	training_time	0:00:07.907026
1	max_gpu_util	94
2	max_gpu_util	92
3	max_gpu_util	63
4	max_gpu_util	92
5	max_gpu_util	89
6	max_gpu_util	53
7	max_gpu_util	
1	mean_gpu_util	25.6575
2	mean_gpu_util	26.1581
3	mean_gpu_util	36.2071
4	mean_gpu_util	38.4734
5	mean_gpu_util	41.8835
6	mean_gpu_util	44.3297
7	mean_gpu_util	
