#index	type		value
1	run_time	0m27.910s
2	run_time	2m43.136s
3	run_time	0m36.677s
4	run_time	0m37.226s
5	run_time	0m42.523s
6	run_time	3m37.295s
7	run_time	0m17.226s
1	training_time	0:00:16.328256
2	training_time	0:02:32.348117
3	training_time	0:00:27.466680
4	training_time	0:00:27.757976
5	training_time	0:00:30.274954
6	training_time	0:03:22.363874
7	training_time	0:00:08.995226
1	max_gpu_util	97
2	max_gpu_util	89
3	max_gpu_util	55
4	max_gpu_util	57
5	max_gpu_util	54
6	max_gpu_util	53
7	max_gpu_util	
1	mean_gpu_util	26.2668
2	mean_gpu_util	26.9442
3	mean_gpu_util	37.2807
4	mean_gpu_util	39.3264
5	mean_gpu_util	43.5694
6	mean_gpu_util	45.5088
7	mean_gpu_util	
