nvidia-smi -f logs/2021-06-11_1610/1_mnist-mlp-keras.gpu_log.csv --format=csv -l 1 --query-gpu=utilization.gpu,utilization.memory,memory.total,memory.free,memory.used &
time python 1_mnist-mlp-keras.py &> logs/2021-06-11_1610/1_mnist-mlp-keras.tensorflow.log

real	0m27.910s
user	0m38.505s
sys	0m12.169s

nvidia-smi -f logs/2021-06-11_1610/2_mnist-simple-cnn-keras.gpu_log.csv --format=csv -l 1 --query-gpu=utilization.gpu,utilization.memory,memory.total,memory.free,memory.used &
time python 2_mnist-simple-cnn-keras.py &> logs/2021-06-11_1610/2_mnist-simple-cnn-keras.tensorflow.log

real	2m43.136s
user	7m6.028s
sys	1m6.810s

nvidia-smi -f logs/2021-06-11_1610/3_mnist-cnn-keras.gpu_log.csv --format=csv -l 1 --query-gpu=utilization.gpu,utilization.memory,memory.total,memory.free,memory.used &
time python 3_mnist-cnn-keras.py &> logs/2021-06-11_1610/3_mnist-cnn-keras.tensorflow.log

real	0m36.677s
user	1m9.224s
sys	0m18.769s

nvidia-smi -f logs/2021-06-11_1610/4_fashion_mnist-cnn-keras.gpu_log.csv --format=csv -l 1 --query-gpu=utilization.gpu,utilization.memory,memory.total,memory.free,memory.used &
time python 4_fashion_mnist-cnn-keras.py &> logs/2021-06-11_1610/4_fashion_mnist-cnn-keras.tensorflow.log

real	0m37.226s
user	1m8.705s
sys	0m19.439s

nvidia-smi -f logs/2021-06-11_1610/5_cifar10-cnn-keras-tf2.gpu_log.csv --format=csv -l 1 --query-gpu=utilization.gpu,utilization.memory,memory.total,memory.free,memory.used &
time python 5_cifar10-cnn-keras-tf2.py &> logs/2021-06-11_1610/5_cifar10-cnn-keras-tf2.tensorflow.log

real	0m42.523s
user	1m18.176s
sys	0m19.090s

nvidia-smi -f logs/2021-06-11_1610/6_imdb_movie_review-bidirectional_lstm-keras.gpu_log.csv --format=csv -l 1 --query-gpu=utilization.gpu,utilization.memory,memory.total,memory.free,memory.used &
time python 6_imdb_movie_review-bidirectional_lstm-keras.py &> logs/2021-06-11_1610/6_imdb_movie_review-bidirectional_lstm-keras.tensorflow.log

real	3m37.295s
user	8m4.930s
sys	0m42.130s

nvidia-smi -f logs/2021-06-11_1610/7_reuters_newswire-mlp-keras-tf2.gpu_log.csv --format=csv -l 1 --query-gpu=utilization.gpu,utilization.memory,memory.total,memory.free,memory.used &
time python 7_reuters_newswire-mlp-keras-tf2.py &> logs/2021-06-11_1610/7_reuters_newswire-mlp-keras-tf2.tensorflow.log

real	0m17.226s
user	0m13.997s
sys	0m10.028s

grep '^training_time' logs/2021-06-11_1610/1_mnist-mlp-keras.tensorflow.log
training_time: 0:00:16.328256
awk '{print $1;}' logs/2021-06-11_1610/1_mnist-mlp-keras.gpu_log.csv | egrep -v '0|utilization' > logs/2021-06-11_1610/1_mnist-mlp-keras.gpu_utils
get_max_gpu_utilization logs/2021-06-11_1610/1_mnist-mlp-keras.gpu_utils
max_gpu_util: 97
get_mean_gpu_utilization logs/2021-06-11_1610/1_mnist-mlp-keras.gpu_utils
mean_gpu_util: 26.2668

grep '^training_time' logs/2021-06-11_1610/2_mnist-simple-cnn-keras.tensorflow.log
training_time: 0:02:32.348117
awk '{print $1;}' logs/2021-06-11_1610/2_mnist-simple-cnn-keras.gpu_log.csv | egrep -v '0|utilization' > logs/2021-06-11_1610/2_mnist-simple-cnn-keras.gpu_utils
get_max_gpu_utilization logs/2021-06-11_1610/2_mnist-simple-cnn-keras.gpu_utils
max_gpu_util: 89
get_mean_gpu_utilization logs/2021-06-11_1610/2_mnist-simple-cnn-keras.gpu_utils
mean_gpu_util: 26.9442

grep '^training_time' logs/2021-06-11_1610/3_mnist-cnn-keras.tensorflow.log
training_time: 0:00:27.466680
awk '{print $1;}' logs/2021-06-11_1610/3_mnist-cnn-keras.gpu_log.csv | egrep -v '0|utilization' > logs/2021-06-11_1610/3_mnist-cnn-keras.gpu_utils
get_max_gpu_utilization logs/2021-06-11_1610/3_mnist-cnn-keras.gpu_utils
max_gpu_util: 55
get_mean_gpu_utilization logs/2021-06-11_1610/3_mnist-cnn-keras.gpu_utils
mean_gpu_util: 37.2807

grep '^training_time' logs/2021-06-11_1610/4_fashion_mnist-cnn-keras.tensorflow.log
training_time: 0:00:27.757976
awk '{print $1;}' logs/2021-06-11_1610/4_fashion_mnist-cnn-keras.gpu_log.csv | egrep -v '0|utilization' > logs/2021-06-11_1610/4_fashion_mnist-cnn-keras.gpu_utils
get_max_gpu_utilization logs/2021-06-11_1610/4_fashion_mnist-cnn-keras.gpu_utils
max_gpu_util: 57
get_mean_gpu_utilization logs/2021-06-11_1610/4_fashion_mnist-cnn-keras.gpu_utils
mean_gpu_util: 39.3264

grep '^training_time' logs/2021-06-11_1610/5_cifar10-cnn-keras-tf2.tensorflow.log
training_time: 0:00:30.274954
awk '{print $1;}' logs/2021-06-11_1610/5_cifar10-cnn-keras-tf2.gpu_log.csv | egrep -v '0|utilization' > logs/2021-06-11_1610/5_cifar10-cnn-keras-tf2.gpu_utils
get_max_gpu_utilization logs/2021-06-11_1610/5_cifar10-cnn-keras-tf2.gpu_utils
max_gpu_util: 54
get_mean_gpu_utilization logs/2021-06-11_1610/5_cifar10-cnn-keras-tf2.gpu_utils
mean_gpu_util: 43.5694

grep '^training_time' logs/2021-06-11_1610/6_imdb_movie_review-bidirectional_lstm-keras.tensorflow.log
training_time: 0:03:22.363874
awk '{print $1;}' logs/2021-06-11_1610/6_imdb_movie_review-bidirectional_lstm-keras.gpu_log.csv | egrep -v '0|utilization' > logs/2021-06-11_1610/6_imdb_movie_review-bidirectional_lstm-keras.gpu_utils
get_max_gpu_utilization logs/2021-06-11_1610/6_imdb_movie_review-bidirectional_lstm-keras.gpu_utils
max_gpu_util: 53
get_mean_gpu_utilization logs/2021-06-11_1610/6_imdb_movie_review-bidirectional_lstm-keras.gpu_utils
mean_gpu_util: 45.5088

grep '^training_time' logs/2021-06-11_1610/7_reuters_newswire-mlp-keras-tf2.tensorflow.log
training_time: 0:00:08.995226
awk '{print $1;}' logs/2021-06-11_1610/7_reuters_newswire-mlp-keras-tf2.gpu_log.csv | egrep -v '0|utilization' > logs/2021-06-11_1610/7_reuters_newswire-mlp-keras-tf2.gpu_utils
get_max_gpu_utilization logs/2021-06-11_1610/7_reuters_newswire-mlp-keras-tf2.gpu_utils
max_gpu_util: 
get_mean_gpu_utilization logs/2021-06-11_1610/7_reuters_newswire-mlp-keras-tf2.gpu_utils
mean_gpu_util: 

