#index	type		value
1	run_time	0m27.108s
2	run_time	2m42.415s
3	run_time	0m35.561s
4	run_time	0m35.816s
5	run_time	0m41.372s
6	run_time	3m38.014s
7	run_time	0m17.008s
1	training_time	0:00:16.030349
2	training_time	0:02:31.931173
3	training_time	0:00:26.663195
4	training_time	0:00:26.824943
5	training_time	0:00:29.903115
6	training_time	0:03:23.555263
7	training_time	0:00:09.013864
1	max_gpu_util	92
2	max_gpu_util	92
3	max_gpu_util	57
4	max_gpu_util	92
5	max_gpu_util	57
6	max_gpu_util	92
7	max_gpu_util	
1	mean_gpu_util	27.0992
2	mean_gpu_util	27.8023
3	mean_gpu_util	37.8398
4	mean_gpu_util	39.2438
5	mean_gpu_util	43.0493
6	mean_gpu_util	45.8829
7	mean_gpu_util	
