nvidia-smi -f logs/2021-06-09_0247/1_mnist-mlp-keras.csv --format=csv -l 1 --query-gpu=utilization.gpu,utilization.memory,memory.total,memory.free,memory.used &
time python 1_mnist-mlp-keras.py &> logs/2021-06-09_0247/1_mnist-mlp-keras.log
./batch-time_python_py_file: line 31: 90804 Aborted                 (core dumped) python 1_mnist-mlp-keras.py &> logs/2021-06-09_0247/1_mnist-mlp-keras.log

real	0m11.054s
user	0m7.597s
sys	0m7.172s

nvidia-smi -f logs/2021-06-09_0247/2_mnist-simple-cnn-keras.csv --format=csv -l 1 --query-gpu=utilization.gpu,utilization.memory,memory.total,memory.free,memory.used &
time python 2_mnist-simple-cnn-keras.py &> logs/2021-06-09_0247/2_mnist-simple-cnn-keras.log

real	1m57.937s
user	2m33.278s
sys	0m24.851s

nvidia-smi -f logs/2021-06-09_0247/3_mnist-cnn-keras.csv --format=csv -l 1 --query-gpu=utilization.gpu,utilization.memory,memory.total,memory.free,memory.used &
time python 3_mnist-cnn-keras.py &> logs/2021-06-09_0247/3_mnist-cnn-keras.log

real	0m27.727s
user	0m22.355s
sys	3m9.784s

nvidia-smi -f logs/2021-06-09_0247/4_fashion_mnist-cnn-keras.csv --format=csv -l 1 --query-gpu=utilization.gpu,utilization.memory,memory.total,memory.free,memory.used &
time python 4_fashion_mnist-cnn-keras.py &> logs/2021-06-09_0247/4_fashion_mnist-cnn-keras.log

real	0m28.192s
user	0m21.221s
sys	3m24.875s

nvidia-smi -f logs/2021-06-09_0247/5_cifar10-cnn-keras-tf2.csv --format=csv -l 1 --query-gpu=utilization.gpu,utilization.memory,memory.total,memory.free,memory.used &
time python 5_cifar10-cnn-keras-tf2.py &> logs/2021-06-09_0247/5_cifar10-cnn-keras-tf2.log
./batch-time_python_py_file: line 31: 92009 Aborted                 (core dumped) python 5_cifar10-cnn-keras-tf2.py &> logs/2021-06-09_0247/5_cifar10-cnn-keras-tf2.log

real	0m12.353s
user	0m8.387s
sys	0m7.439s

nvidia-smi -f logs/2021-06-09_0247/6_imdb_movie_review-bidirectional_lstm-keras.csv --format=csv -l 1 --query-gpu=utilization.gpu,utilization.memory,memory.total,memory.free,memory.used &
time python 6_imdb_movie_review-bidirectional_lstm-keras.py &> logs/2021-06-09_0247/6_imdb_movie_review-bidirectional_lstm-keras.log

real	4m50.441s
user	13m13.635s
sys	1m16.725s

nvidia-smi -f logs/2021-06-09_0247/7_reuters_newswire-mlp-keras-tf2.csv --format=csv -l 1 --query-gpu=utilization.gpu,utilization.memory,memory.total,memory.free,memory.used &
time python 7_reuters_newswire-mlp-keras-tf2.py &> logs/2021-06-09_0247/7_reuters_newswire-mlp-keras-tf2.log

real	0m17.663s
user	0m13.018s
sys	0m23.229s

grep '^training_time' logs/2021-06-09_0247/1_mnist-mlp-keras.log
awk '{print $1;}' logs/2021-06-09_0247/1_mnist-mlp-keras.csv | egrep -v '0|utilization' > logs/2021-06-09_0247/1_mnist-mlp-keras.gpu
get_max_gpu_utilization logs/2021-06-09_0247/1_mnist-mlp-keras.gpu
max_gpu_util: 57
get_average_gpu_utilization logs/2021-06-09_0247/1_mnist-mlp-keras.gpu
average_gpu_util: 31.847

grep '^training_time' logs/2021-06-09_0247/2_mnist-simple-cnn-keras.log
training_time: 0:01:44.709701
awk '{print $1;}' logs/2021-06-09_0247/2_mnist-simple-cnn-keras.csv | egrep -v '0|utilization' > logs/2021-06-09_0247/2_mnist-simple-cnn-keras.gpu
get_max_gpu_utilization logs/2021-06-09_0247/2_mnist-simple-cnn-keras.gpu
max_gpu_util: 57
get_average_gpu_utilization logs/2021-06-09_0247/2_mnist-simple-cnn-keras.gpu
average_gpu_util: 33.0134

grep '^training_time' logs/2021-06-09_0247/3_mnist-cnn-keras.log
training_time: 0:00:14.692295
awk '{print $1;}' logs/2021-06-09_0247/3_mnist-cnn-keras.csv | egrep -v '0|utilization' > logs/2021-06-09_0247/3_mnist-cnn-keras.gpu
get_max_gpu_utilization logs/2021-06-09_0247/3_mnist-cnn-keras.gpu
max_gpu_util: 67
get_average_gpu_utilization logs/2021-06-09_0247/3_mnist-cnn-keras.gpu
average_gpu_util: 38.2754

grep '^training_time' logs/2021-06-09_0247/4_fashion_mnist-cnn-keras.log
training_time: 0:00:14.891681
awk '{print $1;}' logs/2021-06-09_0247/4_fashion_mnist-cnn-keras.csv | egrep -v '0|utilization' > logs/2021-06-09_0247/4_fashion_mnist-cnn-keras.gpu
get_max_gpu_utilization logs/2021-06-09_0247/4_fashion_mnist-cnn-keras.gpu
max_gpu_util: 56
get_average_gpu_utilization logs/2021-06-09_0247/4_fashion_mnist-cnn-keras.gpu
average_gpu_util: 38.3303

grep '^training_time' logs/2021-06-09_0247/5_cifar10-cnn-keras-tf2.log
awk '{print $1;}' logs/2021-06-09_0247/5_cifar10-cnn-keras-tf2.csv | egrep -v '0|utilization' > logs/2021-06-09_0247/5_cifar10-cnn-keras-tf2.gpu
get_max_gpu_utilization logs/2021-06-09_0247/5_cifar10-cnn-keras-tf2.gpu
max_gpu_util: 52
get_average_gpu_utilization logs/2021-06-09_0247/5_cifar10-cnn-keras-tf2.gpu
average_gpu_util: 41.3668

grep '^training_time' logs/2021-06-09_0247/6_imdb_movie_review-bidirectional_lstm-keras.log
training_time: 0:04:31.539875
awk '{print $1;}' logs/2021-06-09_0247/6_imdb_movie_review-bidirectional_lstm-keras.csv | egrep -v '0|utilization' > logs/2021-06-09_0247/6_imdb_movie_review-bidirectional_lstm-keras.gpu
get_max_gpu_utilization logs/2021-06-09_0247/6_imdb_movie_review-bidirectional_lstm-keras.gpu
max_gpu_util: 52
get_average_gpu_utilization logs/2021-06-09_0247/6_imdb_movie_review-bidirectional_lstm-keras.gpu
average_gpu_util: 41.5417

grep '^training_time' logs/2021-06-09_0247/7_reuters_newswire-mlp-keras-tf2.log
training_time: 0:00:03.736277
awk '{print $1;}' logs/2021-06-09_0247/7_reuters_newswire-mlp-keras-tf2.csv | egrep -v '0|utilization' > logs/2021-06-09_0247/7_reuters_newswire-mlp-keras-tf2.gpu
get_max_gpu_utilization logs/2021-06-09_0247/7_reuters_newswire-mlp-keras-tf2.gpu
max_gpu_util: 9
get_average_gpu_utilization logs/2021-06-09_0247/7_reuters_newswire-mlp-keras-tf2.gpu
average_gpu_util: 5.75

