#index	type		value
1	run_time	0m27.718s
2	run_time	2m41.099s
3	run_time	0m36.871s
4	run_time	0m36.800s
5	run_time	0m41.697s
6	run_time	3m42.722s
7	run_time	0m17.247s
1	training_time	0:00:16.287032
2	training_time	0:02:30.111240
3	training_time	0:00:27.546394
4	training_time	0:00:27.400079
5	training_time	0:00:29.750898
6	training_time	0:03:27.827083
7	training_time	0:00:08.963868
1	max_gpu_util	88
2	max_gpu_util	88
3	max_gpu_util	88
4	max_gpu_util	52
5	max_gpu_util	52
6	max_gpu_util	99
7	max_gpu_util	
1	mean_gpu_util	24.2219
2	mean_gpu_util	24.5331
3	mean_gpu_util	34.6087
4	mean_gpu_util	37.5077
5	mean_gpu_util	39.1923
6	mean_gpu_util	44
7	mean_gpu_util	
