nvidia-smi -f logs/2021-06-11_1628/1_mnist-mlp-keras.gpu_log.csv --format=csv -l 1 --query-gpu=utilization.gpu,utilization.memory,memory.total,memory.free,memory.used &
time python 1_mnist-mlp-keras.py &> logs/2021-06-11_1628/1_mnist-mlp-keras.tensorflow.log

real	0m27.714s
user	0m37.599s
sys	0m13.005s

nvidia-smi -f logs/2021-06-11_1628/2_mnist-simple-cnn-keras.gpu_log.csv --format=csv -l 1 --query-gpu=utilization.gpu,utilization.memory,memory.total,memory.free,memory.used &
time python 2_mnist-simple-cnn-keras.py &> logs/2021-06-11_1628/2_mnist-simple-cnn-keras.tensorflow.log

real	2m41.349s
user	7m0.963s
sys	1m6.971s

nvidia-smi -f logs/2021-06-11_1628/3_mnist-cnn-keras.gpu_log.csv --format=csv -l 1 --query-gpu=utilization.gpu,utilization.memory,memory.total,memory.free,memory.used &
time python 3_mnist-cnn-keras.py &> logs/2021-06-11_1628/3_mnist-cnn-keras.tensorflow.log

real	0m36.938s
user	1m8.273s
sys	0m19.592s

nvidia-smi -f logs/2021-06-11_1628/4_fashion_mnist-cnn-keras.gpu_log.csv --format=csv -l 1 --query-gpu=utilization.gpu,utilization.memory,memory.total,memory.free,memory.used &
time python 4_fashion_mnist-cnn-keras.py &> logs/2021-06-11_1628/4_fashion_mnist-cnn-keras.tensorflow.log

real	0m37.242s
user	1m8.225s
sys	0m19.586s

nvidia-smi -f logs/2021-06-11_1628/5_cifar10-cnn-keras-tf2.gpu_log.csv --format=csv -l 1 --query-gpu=utilization.gpu,utilization.memory,memory.total,memory.free,memory.used &
time python 5_cifar10-cnn-keras-tf2.py &> logs/2021-06-11_1628/5_cifar10-cnn-keras-tf2.tensorflow.log

real	0m41.981s
user	1m15.705s
sys	0m20.283s

nvidia-smi -f logs/2021-06-11_1628/6_imdb_movie_review-bidirectional_lstm-keras.gpu_log.csv --format=csv -l 1 --query-gpu=utilization.gpu,utilization.memory,memory.total,memory.free,memory.used &
time python 6_imdb_movie_review-bidirectional_lstm-keras.py &> logs/2021-06-11_1628/6_imdb_movie_review-bidirectional_lstm-keras.tensorflow.log

real	3m43.890s
user	8m16.452s
sys	0m41.154s

nvidia-smi -f logs/2021-06-11_1628/7_reuters_newswire-mlp-keras-tf2.gpu_log.csv --format=csv -l 1 --query-gpu=utilization.gpu,utilization.memory,memory.total,memory.free,memory.used &
time python 7_reuters_newswire-mlp-keras-tf2.py &> logs/2021-06-11_1628/7_reuters_newswire-mlp-keras-tf2.tensorflow.log

real	0m17.547s
user	0m13.870s
sys	0m10.466s

grep '^training_time' logs/2021-06-11_1628/1_mnist-mlp-keras.tensorflow.log
training_time: 0:00:16.188696
awk '{print $1;}' logs/2021-06-11_1628/1_mnist-mlp-keras.gpu_log.csv | egrep -v '0|utilization' > logs/2021-06-11_1628/1_mnist-mlp-keras.gpu_utils
get_max_gpu_utilization logs/2021-06-11_1628/1_mnist-mlp-keras.gpu_utils
max_gpu_util: 53
get_mean_gpu_utilization logs/2021-06-11_1628/1_mnist-mlp-keras.gpu_utils
mean_gpu_util: 25.5884

grep '^training_time' logs/2021-06-11_1628/2_mnist-simple-cnn-keras.tensorflow.log
training_time: 0:02:30.323738
awk '{print $1;}' logs/2021-06-11_1628/2_mnist-simple-cnn-keras.gpu_log.csv | egrep -v '0|utilization' > logs/2021-06-11_1628/2_mnist-simple-cnn-keras.gpu_utils
get_max_gpu_utilization logs/2021-06-11_1628/2_mnist-simple-cnn-keras.gpu_utils
max_gpu_util: 53
get_mean_gpu_utilization logs/2021-06-11_1628/2_mnist-simple-cnn-keras.gpu_utils
mean_gpu_util: 26.3429

grep '^training_time' logs/2021-06-11_1628/3_mnist-cnn-keras.tensorflow.log
training_time: 0:00:27.667408
awk '{print $1;}' logs/2021-06-11_1628/3_mnist-cnn-keras.gpu_log.csv | egrep -v '0|utilization' > logs/2021-06-11_1628/3_mnist-cnn-keras.gpu_utils
get_max_gpu_utilization logs/2021-06-11_1628/3_mnist-cnn-keras.gpu_utils
max_gpu_util: 53
get_mean_gpu_utilization logs/2021-06-11_1628/3_mnist-cnn-keras.gpu_utils
mean_gpu_util: 36.3683

grep '^training_time' logs/2021-06-11_1628/4_fashion_mnist-cnn-keras.tensorflow.log
training_time: 0:00:27.474505
awk '{print $1;}' logs/2021-06-11_1628/4_fashion_mnist-cnn-keras.gpu_log.csv | egrep -v '0|utilization' > logs/2021-06-11_1628/4_fashion_mnist-cnn-keras.gpu_utils
get_max_gpu_utilization logs/2021-06-11_1628/4_fashion_mnist-cnn-keras.gpu_utils
max_gpu_util: 52
get_mean_gpu_utilization logs/2021-06-11_1628/4_fashion_mnist-cnn-keras.gpu_utils
mean_gpu_util: 38.4841

grep '^training_time' logs/2021-06-11_1628/5_cifar10-cnn-keras-tf2.tensorflow.log
training_time: 0:00:29.660998
awk '{print $1;}' logs/2021-06-11_1628/5_cifar10-cnn-keras-tf2.gpu_log.csv | egrep -v '0|utilization' > logs/2021-06-11_1628/5_cifar10-cnn-keras-tf2.gpu_utils
get_max_gpu_utilization logs/2021-06-11_1628/5_cifar10-cnn-keras-tf2.gpu_utils
max_gpu_util: 52
get_mean_gpu_utilization logs/2021-06-11_1628/5_cifar10-cnn-keras-tf2.gpu_utils
mean_gpu_util: 41.1118

grep '^training_time' logs/2021-06-11_1628/6_imdb_movie_review-bidirectional_lstm-keras.tensorflow.log
training_time: 0:03:28.815306
awk '{print $1;}' logs/2021-06-11_1628/6_imdb_movie_review-bidirectional_lstm-keras.gpu_log.csv | egrep -v '0|utilization' > logs/2021-06-11_1628/6_imdb_movie_review-bidirectional_lstm-keras.gpu_utils
get_max_gpu_utilization logs/2021-06-11_1628/6_imdb_movie_review-bidirectional_lstm-keras.gpu_utils
max_gpu_util: 88
get_mean_gpu_utilization logs/2021-06-11_1628/6_imdb_movie_review-bidirectional_lstm-keras.gpu_utils
mean_gpu_util: 44.9879

grep '^training_time' logs/2021-06-11_1628/7_reuters_newswire-mlp-keras-tf2.tensorflow.log
training_time: 0:00:09.006609
awk '{print $1;}' logs/2021-06-11_1628/7_reuters_newswire-mlp-keras-tf2.gpu_log.csv | egrep -v '0|utilization' > logs/2021-06-11_1628/7_reuters_newswire-mlp-keras-tf2.gpu_utils
get_max_gpu_utilization logs/2021-06-11_1628/7_reuters_newswire-mlp-keras-tf2.gpu_utils
max_gpu_util: 
get_mean_gpu_utilization logs/2021-06-11_1628/7_reuters_newswire-mlp-keras-tf2.gpu_utils
mean_gpu_util: 

