nvidia-smi -f logs/2021-06-09_0412/1_mnist-mlp-keras.csv --format=csv -l 1 --query-gpu=utilization.gpu,utilization.memory,memory.total,memory.free,memory.used &
time python 1_mnist-mlp-keras.py &> logs/2021-06-09_0412/1_mnist-mlp-keras.log
./batch-time_python_py_file: line 31: 104684 Aborted                 (core dumped) python 1_mnist-mlp-keras.py &> logs/2021-06-09_0412/1_mnist-mlp-keras.log

real	0m11.634s
user	0m7.545s
sys	0m7.031s

nvidia-smi -f logs/2021-06-09_0412/2_mnist-simple-cnn-keras.csv --format=csv -l 1 --query-gpu=utilization.gpu,utilization.memory,memory.total,memory.free,memory.used &
time python 2_mnist-simple-cnn-keras.py &> logs/2021-06-09_0412/2_mnist-simple-cnn-keras.log

real	1m58.739s
user	2m32.684s
sys	0m25.695s

nvidia-smi -f logs/2021-06-09_0412/3_mnist-cnn-keras.csv --format=csv -l 1 --query-gpu=utilization.gpu,utilization.memory,memory.total,memory.free,memory.used &
time python 3_mnist-cnn-keras.py &> logs/2021-06-09_0412/3_mnist-cnn-keras.log

real	0m26.214s
user	0m20.880s
sys	2m36.890s

nvidia-smi -f logs/2021-06-09_0412/4_fashion_mnist-cnn-keras.csv --format=csv -l 1 --query-gpu=utilization.gpu,utilization.memory,memory.total,memory.free,memory.used &
time python 4_fashion_mnist-cnn-keras.py &> logs/2021-06-09_0412/4_fashion_mnist-cnn-keras.log

real	0m29.045s
user	0m21.487s
sys	3m56.793s

nvidia-smi -f logs/2021-06-09_0412/5_cifar10-cnn-keras-tf2.csv --format=csv -l 1 --query-gpu=utilization.gpu,utilization.memory,memory.total,memory.free,memory.used &
time python 5_cifar10-cnn-keras-tf2.py &> logs/2021-06-09_0412/5_cifar10-cnn-keras-tf2.log
./batch-time_python_py_file: line 31: 105944 Aborted                 (core dumped) python 5_cifar10-cnn-keras-tf2.py &> logs/2021-06-09_0412/5_cifar10-cnn-keras-tf2.log

real	0m12.524s
user	0m8.093s
sys	0m7.552s

nvidia-smi -f logs/2021-06-09_0412/6_imdb_movie_review-bidirectional_lstm-keras.csv --format=csv -l 1 --query-gpu=utilization.gpu,utilization.memory,memory.total,memory.free,memory.used &
time python 6_imdb_movie_review-bidirectional_lstm-keras.py &> logs/2021-06-09_0412/6_imdb_movie_review-bidirectional_lstm-keras.log

real	4m44.930s
user	12m54.478s
sys	1m20.791s

nvidia-smi -f logs/2021-06-09_0412/7_reuters_newswire-mlp-keras-tf2.csv --format=csv -l 1 --query-gpu=utilization.gpu,utilization.memory,memory.total,memory.free,memory.used &
time python 7_reuters_newswire-mlp-keras-tf2.py &> logs/2021-06-09_0412/7_reuters_newswire-mlp-keras-tf2.log

real	0m16.494s
user	0m12.173s
sys	0m21.799s

grep '^training_time' logs/2021-06-09_0412/1_mnist-mlp-keras.log
awk '{print $1;}' logs/2021-06-09_0412/1_mnist-mlp-keras.csv | egrep -v '0|utilization' > logs/2021-06-09_0412/1_mnist-mlp-keras.gpu
get_max_gpu_utilization logs/2021-06-09_0412/1_mnist-mlp-keras.gpu
max_gpu_util: 73
get_average_gpu_utilization logs/2021-06-09_0412/1_mnist-mlp-keras.gpu
average_gpu_util: 33.5897

grep '^training_time' logs/2021-06-09_0412/2_mnist-simple-cnn-keras.log
training_time: 0:01:44.835528
awk '{print $1;}' logs/2021-06-09_0412/2_mnist-simple-cnn-keras.csv | egrep -v '0|utilization' > logs/2021-06-09_0412/2_mnist-simple-cnn-keras.gpu
get_max_gpu_utilization logs/2021-06-09_0412/2_mnist-simple-cnn-keras.gpu
max_gpu_util: 73
get_average_gpu_utilization logs/2021-06-09_0412/2_mnist-simple-cnn-keras.gpu
average_gpu_util: 34.2834

grep '^training_time' logs/2021-06-09_0412/3_mnist-cnn-keras.log
training_time: 0:00:12.945927
awk '{print $1;}' logs/2021-06-09_0412/3_mnist-cnn-keras.csv | egrep -v '0|utilization' > logs/2021-06-09_0412/3_mnist-cnn-keras.gpu
get_max_gpu_utilization logs/2021-06-09_0412/3_mnist-cnn-keras.gpu
max_gpu_util: 73
get_average_gpu_utilization logs/2021-06-09_0412/3_mnist-cnn-keras.gpu
average_gpu_util: 41.5759

grep '^training_time' logs/2021-06-09_0412/4_fashion_mnist-cnn-keras.log
training_time: 0:00:15.483366
awk '{print $1;}' logs/2021-06-09_0412/4_fashion_mnist-cnn-keras.csv | egrep -v '0|utilization' > logs/2021-06-09_0412/4_fashion_mnist-cnn-keras.gpu
get_max_gpu_utilization logs/2021-06-09_0412/4_fashion_mnist-cnn-keras.gpu
max_gpu_util: 72
get_average_gpu_utilization logs/2021-06-09_0412/4_fashion_mnist-cnn-keras.gpu
average_gpu_util: 40.5886

grep '^training_time' logs/2021-06-09_0412/5_cifar10-cnn-keras-tf2.log
awk '{print $1;}' logs/2021-06-09_0412/5_cifar10-cnn-keras-tf2.csv | egrep -v '0|utilization' > logs/2021-06-09_0412/5_cifar10-cnn-keras-tf2.gpu
get_max_gpu_utilization logs/2021-06-09_0412/5_cifar10-cnn-keras-tf2.gpu
max_gpu_util: 55
get_average_gpu_utilization logs/2021-06-09_0412/5_cifar10-cnn-keras-tf2.gpu
average_gpu_util: 41.8401

grep '^training_time' logs/2021-06-09_0412/6_imdb_movie_review-bidirectional_lstm-keras.log
training_time: 0:04:25.514892
awk '{print $1;}' logs/2021-06-09_0412/6_imdb_movie_review-bidirectional_lstm-keras.csv | egrep -v '0|utilization' > logs/2021-06-09_0412/6_imdb_movie_review-bidirectional_lstm-keras.gpu
get_max_gpu_utilization logs/2021-06-09_0412/6_imdb_movie_review-bidirectional_lstm-keras.gpu
max_gpu_util: 56
get_average_gpu_utilization logs/2021-06-09_0412/6_imdb_movie_review-bidirectional_lstm-keras.gpu
average_gpu_util: 43.6857

grep '^training_time' logs/2021-06-09_0412/7_reuters_newswire-mlp-keras-tf2.log
training_time: 0:00:03.579678
awk '{print $1;}' logs/2021-06-09_0412/7_reuters_newswire-mlp-keras-tf2.csv | egrep -v '0|utilization' > logs/2021-06-09_0412/7_reuters_newswire-mlp-keras-tf2.gpu
get_max_gpu_utilization logs/2021-06-09_0412/7_reuters_newswire-mlp-keras-tf2.gpu
max_gpu_util: 9
get_average_gpu_utilization logs/2021-06-09_0412/7_reuters_newswire-mlp-keras-tf2.gpu
average_gpu_util: 4.76923

