#index	type		value
1	run_time	0m26.602s
2	run_time	2m45.279s
3	run_time	0m36.693s
4	run_time	0m36.728s
5	run_time	0m42.452s
6	run_time	3m34.539s
7	run_time	0m17.279s
1	training_time	0:00:15.193353
2	training_time	0:02:34.373044
3	training_time	0:00:27.493039
4	training_time	0:00:27.315511
5	training_time	0:00:29.972976
6	training_time	0:03:19.588565
7	training_time	0:00:08.972109
1	max_gpu_util	83
2	max_gpu_util	59
3	max_gpu_util	54
4	max_gpu_util	92
5	max_gpu_util	83
6	max_gpu_util	96
7	max_gpu_util	
1	mean_gpu_util	28.2895
2	mean_gpu_util	28.7253
3	mean_gpu_util	38.7
4	mean_gpu_util	40.8826
5	mean_gpu_util	44.4125
6	mean_gpu_util	46.4676
7	mean_gpu_util	
