nvidia-smi -f logs/2021-06-09_0408/1_mnist-mlp-keras.csv --format=csv -l 1 --query-gpu=utilization.gpu,utilization.memory,memory.total,memory.free,memory.used &
time python 1_mnist-mlp-keras.py &> logs/2021-06-09_0408/1_mnist-mlp-keras.log

real	0m23.108s
user	0m14.402s
sys	0m11.225s

nvidia-smi -f logs/2021-06-09_0408/2_mnist-simple-cnn-keras.csv --format=csv -l 1 --query-gpu=utilization.gpu,utilization.memory,memory.total,memory.free,memory.used &
time python 2_mnist-simple-cnn-keras.py &> logs/2021-06-09_0408/2_mnist-simple-cnn-keras.log

real	1m55.874s
user	2m30.179s
sys	0m25.722s

nvidia-smi -f logs/2021-06-09_0408/3_mnist-cnn-keras.csv --format=csv -l 1 --query-gpu=utilization.gpu,utilization.memory,memory.total,memory.free,memory.used &
time python 3_mnist-cnn-keras.py &> logs/2021-06-09_0408/3_mnist-cnn-keras.log

real	0m27.930s
user	0m20.745s
sys	4m5.352s

nvidia-smi -f logs/2021-06-09_0408/4_fashion_mnist-cnn-keras.csv --format=csv -l 1 --query-gpu=utilization.gpu,utilization.memory,memory.total,memory.free,memory.used &
time python 4_fashion_mnist-cnn-keras.py &> logs/2021-06-09_0408/4_fashion_mnist-cnn-keras.log

real	0m27.761s
user	0m20.916s
sys	3m25.552s

nvidia-smi -f logs/2021-06-09_0408/5_cifar10-cnn-keras-tf2.csv --format=csv -l 1 --query-gpu=utilization.gpu,utilization.memory,memory.total,memory.free,memory.used &
time python 5_cifar10-cnn-keras-tf2.py &> logs/2021-06-09_0408/5_cifar10-cnn-keras-tf2.log

real	0m40.802s
user	0m36.055s
sys	4m34.210s

nvidia-smi -f logs/2021-06-09_0408/6_imdb_movie_review-bidirectional_lstm-keras.csv --format=csv -l 1 --query-gpu=utilization.gpu,utilization.memory,memory.total,memory.free,memory.used &
time python 6_imdb_movie_review-bidirectional_lstm-keras.py &> logs/2021-06-09_0408/6_imdb_movie_review-bidirectional_lstm-keras.log

real	4m45.315s
user	13m5.081s
sys	1m10.575s

nvidia-smi -f logs/2021-06-09_0408/7_reuters_newswire-mlp-keras-tf2.csv --format=csv -l 1 --query-gpu=utilization.gpu,utilization.memory,memory.total,memory.free,memory.used &
time python 7_reuters_newswire-mlp-keras-tf2.py &> logs/2021-06-09_0408/7_reuters_newswire-mlp-keras-tf2.log

real	0m16.452s
user	0m13.606s
sys	0m18.926s

grep '^training_time' logs/2021-06-09_0408/1_mnist-mlp-keras.log
training_time: 0:00:03.945085
awk '{print $1;}' logs/2021-06-09_0408/1_mnist-mlp-keras.csv | egrep -v '0|utilization' > logs/2021-06-09_0408/1_mnist-mlp-keras.gpu
get_max_gpu_utilization logs/2021-06-09_0408/1_mnist-mlp-keras.gpu
max_gpu_util: 79
get_average_gpu_utilization logs/2021-06-09_0408/1_mnist-mlp-keras.gpu
average_gpu_util: 34.3767

grep '^training_time' logs/2021-06-09_0408/2_mnist-simple-cnn-keras.log
training_time: 0:01:42.243908
awk '{print $1;}' logs/2021-06-09_0408/2_mnist-simple-cnn-keras.csv | egrep -v '0|utilization' > logs/2021-06-09_0408/2_mnist-simple-cnn-keras.gpu
get_max_gpu_utilization logs/2021-06-09_0408/2_mnist-simple-cnn-keras.gpu
max_gpu_util: 79
get_average_gpu_utilization logs/2021-06-09_0408/2_mnist-simple-cnn-keras.gpu
average_gpu_util: 35.2494

grep '^training_time' logs/2021-06-09_0408/3_mnist-cnn-keras.log
training_time: 0:00:14.729429
awk '{print $1;}' logs/2021-06-09_0408/3_mnist-cnn-keras.csv | egrep -v '0|utilization' > logs/2021-06-09_0408/3_mnist-cnn-keras.gpu
get_max_gpu_utilization logs/2021-06-09_0408/3_mnist-cnn-keras.gpu
max_gpu_util: 79
get_average_gpu_utilization logs/2021-06-09_0408/3_mnist-cnn-keras.gpu
average_gpu_util: 38.8923

grep '^training_time' logs/2021-06-09_0408/4_fashion_mnist-cnn-keras.log
training_time: 0:00:14.244084
awk '{print $1;}' logs/2021-06-09_0408/4_fashion_mnist-cnn-keras.csv | egrep -v '0|utilization' > logs/2021-06-09_0408/4_fashion_mnist-cnn-keras.gpu
get_max_gpu_utilization logs/2021-06-09_0408/4_fashion_mnist-cnn-keras.gpu
max_gpu_util: 79
get_average_gpu_utilization logs/2021-06-09_0408/4_fashion_mnist-cnn-keras.gpu
average_gpu_util: 40.485

grep '^training_time' logs/2021-06-09_0408/5_cifar10-cnn-keras-tf2.log
training_time: 0:00:19.188824
awk '{print $1;}' logs/2021-06-09_0408/5_cifar10-cnn-keras-tf2.csv | egrep -v '0|utilization' > logs/2021-06-09_0408/5_cifar10-cnn-keras-tf2.gpu
get_max_gpu_utilization logs/2021-06-09_0408/5_cifar10-cnn-keras-tf2.gpu
max_gpu_util: 66
get_average_gpu_utilization logs/2021-06-09_0408/5_cifar10-cnn-keras-tf2.gpu
average_gpu_util: 42.7039

grep '^training_time' logs/2021-06-09_0408/6_imdb_movie_review-bidirectional_lstm-keras.log
training_time: 0:04:25.607190
awk '{print $1;}' logs/2021-06-09_0408/6_imdb_movie_review-bidirectional_lstm-keras.csv | egrep -v '0|utilization' > logs/2021-06-09_0408/6_imdb_movie_review-bidirectional_lstm-keras.gpu
get_max_gpu_utilization logs/2021-06-09_0408/6_imdb_movie_review-bidirectional_lstm-keras.gpu
max_gpu_util: 55
get_average_gpu_utilization logs/2021-06-09_0408/6_imdb_movie_review-bidirectional_lstm-keras.gpu
average_gpu_util: 45.6185

grep '^training_time' logs/2021-06-09_0408/7_reuters_newswire-mlp-keras-tf2.log
training_time: 0:00:03.489642
awk '{print $1;}' logs/2021-06-09_0408/7_reuters_newswire-mlp-keras-tf2.csv | egrep -v '0|utilization' > logs/2021-06-09_0408/7_reuters_newswire-mlp-keras-tf2.gpu
get_max_gpu_utilization logs/2021-06-09_0408/7_reuters_newswire-mlp-keras-tf2.gpu
max_gpu_util: 46
get_average_gpu_utilization logs/2021-06-09_0408/7_reuters_newswire-mlp-keras-tf2.gpu
average_gpu_util: 10.2222

